-------------------
CSE247 Robot tester starts testing avl on 2018-12-17 20:29:50 -0500

========
Testing in ./GradingRepos/repos/cse247-f18-students-teng.ming-che: avl as of 2018-11-28 09:00
========
Now in: /Users/puneetsachdeva/CSE247/cse247-support/GradingRepos/repos/cse247-f18-students-teng.ming-che
Your branch is up to date with 'origin/master'.
HEAD is now at 17b0d25 robograde
No local changes to save

Updating 17b0d25..c07ed2b
Fast-forward
 RoboGrade/heaps-test.TestMinHeap.txt | 69 ++++++++++++++++++------------------
 1 file changed, 34 insertions(+), 35 deletions(-)
Going back in time to: 2018-11-28 09:00
At hash 8f9ae5440a8edeba206f3f336f7bfa5bf1d49a16

Buildfile: /Users/puneetsachdeva/CSE247/cse247-support/build.xml

copytest:
     [echo] would copy from /Users/puneetsachdeva/CSE247/cse247-f18-students key teng.ming-che testfilesource test/TestBalancedTree package avl repo ./GradingRepos/repos/cse247-f18-students-teng.ming-che
     [copy] Copying 1 file to /Users/puneetsachdeva/CSE247/cse247-support/GradingRepos/repos/cse247-f18-students-teng.ming-che/labs/avl/test

BUILD SUCCESSFUL
Total time: 0 seconds
Compiling the code
Buildfile: /Users/puneetsachdeva/CSE247/cse247-support/build.xml

compile:
     [echo] Compiling avl/AVLTree
    [mkdir] Created dir: /Users/puneetsachdeva/CSE247/cse247-support/GradingRepos/repos/cse247-f18-students-teng.ming-che/bin
    [javac] Compiling 1 source file to /Users/puneetsachdeva/CSE247/cse247-support/GradingRepos/repos/cse247-f18-students-teng.ming-che/bin

BUILD SUCCESSFUL
Total time: 1 second
Buildfile: /Users/puneetsachdeva/CSE247/cse247-support/build.xml

compile:
     [echo] Compiling avl/test/TestBalancedTree
    [javac] Compiling 1 source file to /Users/puneetsachdeva/CSE247/cse247-support/GradingRepos/repos/cse247-f18-students-teng.ming-che/bin

BUILD SUCCESSFUL
Total time: 1 second
Running test test.TestBalancedTree
Buildfile: /Users/puneetsachdeva/CSE247/cse247-support/build.xml

test:
    [junit] Running avl.test.TestBalancedTree
    [junit] Testsuite: avl.test.TestBalancedTree
    [junit] Tree Validation Error (detail shown below):
    [junit] The node {2} has height 0, which is not the expected height given its children
    [junit] 	at avl.validate.BSTValidator.CheckTree(BSTValidator.java:79)
    [junit] 	at avl.validate.BSTValidator.CheckTree(BSTValidator.java:57)
    [junit] 	at avl.validate.BSTValidator.CheckTree(BSTValidator.java:58)
    [junit] 	at avl.validate.BSTValidator.CheckTree(BSTValidator.java:57)
    [junit] 	at avl.validate.BSTValidator.CheckTree(BSTValidator.java:57)
    [junit] 	at avl.validate.BSTValidator.CheckTree(BSTValidator.java:57)
    [junit] 	at avl.validate.BSTValidator.CheckTree(BSTValidator.java:57)
    [junit] 	at avl.validate.BSTValidator.CheckTree(BSTValidator.java:57)
    [junit] 	at avl.validate.BSTValidator.CheckTree(BSTValidator.java:57)
    [junit] 	at avl.validate.BSTValidator.CheckTree(BSTValidator.java:57)
    [junit] 	at avl.validate.BSTValidator.CheckTree(BSTValidator.java:57)
    [junit] 	at avl.validate.BSTValidator.CheckTree(BSTValidator.java:57)
    [junit] 	at avl.validate.BSTValidator.CheckTree(BSTValidator.java:57)
    [junit] 	at avl.validate.BSTValidator.CheckTree(BSTValidator.java:57)
    [junit] 	at avl.validate.BSTValidator.CheckTree(BSTValidator.java:57)
    [junit] 	at avl.validate.BSTValidator.CheckTree(BSTValidator.java:57)
    [junit] 	at avl.validate.BSTValidator.CheckTree(BSTValidator.java:57)
    [junit] 	at avl.validate.BSTValidator.CheckTree(BSTValidator.java:57)
    [junit] 	at avl.validate.BSTValidator.CheckTree(BSTValidator.java:57)
    [junit] 	at avl.validate.BSTValidator.CheckTree(BSTValidator.java:57)
    [junit] 	at avl.validate.BSTValidator.check(BSTValidator.java:26)
    [junit] 	at avl.test.TestBalancedTree.testInsertLargeRandom(TestBalancedTree.java:118)
    [junit] 	at java.base/jdk.internal.reflect.NativeMethodAccessorImpl.invoke0(Native Method)
    [junit] 	at java.base/jdk.internal.reflect.NativeMethodAccessorImpl.invoke(NativeMethodAccessorImpl.java:62)
    [junit] 	at java.base/jdk.internal.reflect.DelegatingMethodAccessorImpl.invoke(DelegatingMethodAccessorImpl.java:43)
    [junit] 	at java.base/java.lang.reflect.Method.invoke(Method.java:564)
    [junit] 	at org.junit.runners.model.FrameworkMethod$1.runReflectiveCall(FrameworkMethod.java:50)
    [junit] 	at org.junit.internal.runners.model.ReflectiveCallable.run(ReflectiveCallable.java:12)
    [junit] 	at org.junit.runners.model.FrameworkMethod.invokeExplosively(FrameworkMethod.java:47)
    [junit] 	at org.junit.internal.runners.statements.InvokeMethod.evaluate(InvokeMethod.java:17)
    [junit] 	at org.junit.rules.TestWatcher$1.evaluate(TestWatcher.java:55)
    [junit] 	at org.junit.rules.RunRules.evaluate(RunRules.java:20)
    [junit] 	at org.junit.runners.ParentRunner.runLeaf(ParentRunner.java:325)
    [junit] 	at org.junit.runners.BlockJUnit4ClassRunner.runChild(BlockJUnit4ClassRunner.java:78)
    [junit] 	at org.junit.runners.BlockJUnit4ClassRunner.runChild(BlockJUnit4ClassRunner.java:57)
    [junit] 	at org.junit.runners.ParentRunner$3.run(ParentRunner.java:290)
    [junit] 	at org.junit.runners.ParentRunner$1.schedule(ParentRunner.java:71)
    [junit] 	at org.junit.runners.ParentRunner.runChildren(ParentRunner.java:288)
    [junit] 	at org.junit.runners.ParentRunner.access$000(ParentRunner.java:58)
    [junit] 	at org.junit.runners.ParentRunner$2.evaluate(ParentRunner.java:268)
    [junit] 	at org.junit.runners.ParentRunner.run(ParentRunner.java:363)
    [junit] 	at junit.framework.JUnit4TestAdapter.run(JUnit4TestAdapter.java:38)
    [junit] 	at org.apache.tools.ant.taskdefs.optional.junit.JUnitTestRunner.run(JUnitTestRunner.java:536)
    [junit] 	at org.apache.tools.ant.taskdefs.optional.junit.JUnitTestRunner.launch(JUnitTestRunner.java:1205)
    [junit] 	at org.apache.tools.ant.taskdefs.optional.junit.JUnitTestRunner.main(JUnitTestRunner.java:1048)
    [junit] ===== Failure report for testInsertLargeRandom(avl.test.TestBalancedTree) ========
    [junit] Failure message: Tree Validation Error (detail shown below):
    [junit] Tree Validation Error (detail shown below):
    [junit] The node {2} has height 0, which is not the expected height given its children
    [junit] Tree before the problem occurred:
    [junit]  (not printing large tree, n=200000)
    [junit] What went wrong: null
    [junit] Tree that triggered this problem:
    [junit]  (not printing large tree, n=200000)
    [junit] 
    [junit] ===== End Failure report for testInsertLargeRandom(avl.test.TestBalancedTree) ========
    [junit] 
    [junit] 
    [junit] Tree Validation Error (detail shown below):
    [junit] The node {14} has height 0, which is not the expected height given its children
    [junit] ===== Failure report for testInsertSmallDescending(avl.test.TestBalancedTree) ========
    [junit] 	at avl.validate.BSTValidator.CheckTree(BSTValidator.java:79)
    [junit] Failure message: Tree Validation Error (detail shown below):
    [junit] 	at avl.validate.BSTValidator.check(BSTValidator.java:26)
    [junit] Tree Validation Error (detail shown below):
    [junit] 	at avl.test.TestBalancedTree.testInsertSmallDescending(TestBalancedTree.java:73)
    [junit] The node {14} has height 0, which is not the expected height given its children
    [junit] 	at java.base/jdk.internal.reflect.NativeMethodAccessorImpl.invoke0(Native Method)
    [junit] Tree before the problem occurred:
    [junit] 	at java.base/jdk.internal.reflect.NativeMethodAccessorImpl.invoke(NativeMethodAccessorImpl.java:62)
    [junit] Root-14
    [junit] 
    [junit] 	at java.base/jdk.internal.reflect.DelegatingMethodAccessorImpl.invoke(DelegatingMethodAccessorImpl.java:43)
    [junit] What went wrong: null
    [junit] Tree that triggered this problem:
    [junit] 	at java.base/java.lang.reflect.Method.invoke(Method.java:564)
    [junit] Root-14
    [junit] 	at org.junit.runners.model.FrameworkMethod$1.runReflectiveCall(FrameworkMethod.java:50)
    [junit] |  L-13
    [junit] 	at org.junit.internal.runners.model.ReflectiveCallable.run(ReflectiveCallable.java:12)
    [junit] 
    [junit] ===== End Failure report for testInsertSmallDescending(avl.test.TestBalancedTree) ========
    [junit] 	at org.junit.runners.model.FrameworkMethod.invokeExplosively(FrameworkMethod.java:47)
    [junit] 
    [junit] 
    [junit] 	at org.junit.internal.runners.statements.InvokeMethod.evaluate(InvokeMethod.java:17)
    [junit] 	at org.junit.rules.TestWatcher$1.evaluate(TestWatcher.java:55)
    [junit] 	at org.junit.rules.RunRules.evaluate(RunRules.java:20)
    [junit] 	at org.junit.runners.ParentRunner.runLeaf(ParentRunner.java:325)
    [junit] 	at org.junit.runners.BlockJUnit4ClassRunner.runChild(BlockJUnit4ClassRunner.java:78)
    [junit] 	at org.junit.runners.BlockJUnit4ClassRunner.runChild(BlockJUnit4ClassRunner.java:57)
    [junit] 	at org.junit.runners.ParentRunner$3.run(ParentRunner.java:290)
    [junit] 	at org.junit.runners.ParentRunner$1.schedule(ParentRunner.java:71)
    [junit] 	at org.junit.runners.ParentRunner.runChildren(ParentRunner.java:288)
    [junit] 	at org.junit.runners.ParentRunner.access$000(ParentRunner.java:58)
    [junit] 	at org.junit.runners.ParentRunner$2.evaluate(ParentRunner.java:268)
    [junit] 	at org.junit.runners.ParentRunner.run(ParentRunner.java:363)
    [junit] 	at junit.framework.JUnit4TestAdapter.run(JUnit4TestAdapter.java:38)
    [junit] 	at org.apache.tools.ant.taskdefs.optional.junit.JUnitTestRunner.run(JUnitTestRunner.java:536)
    [junit] 	at org.apache.tools.ant.taskdefs.optional.junit.JUnitTestRunner.launch(JUnitTestRunner.java:1205)
    [junit] 	at org.apache.tools.ant.taskdefs.optional.junit.JUnitTestRunner.main(JUnitTestRunner.java:1048)
    [junit] Tree Validation Error (detail shown below):
    [junit] ===== Failure report for testRemoveLarge(avl.test.TestBalancedTree) ========
    [junit] The node {15} has height 0, which is not the expected height given its children
    [junit] Failure message: java.lang.StackOverflowError
    [junit] 	at avl.validate.BSTValidator.CheckTree(BSTValidator.java:79)
    [junit] ===== End Failure report for testRemoveLarge(avl.test.TestBalancedTree) ========
    [junit] 	at avl.validate.BSTValidator.check(BSTValidator.java:26)
    [junit] 
    [junit] 	at avl.test.TestBalancedTree.testRebalanceSmall(TestBalancedTree.java:212)
    [junit] 
    [junit] 	at java.base/jdk.internal.reflect.NativeMethodAccessorImpl.invoke0(Native Method)
    [junit] ===== Failure report for testRebalanceSmall(avl.test.TestBalancedTree) ========
    [junit] 	at java.base/jdk.internal.reflect.NativeMethodAccessorImpl.invoke(NativeMethodAccessorImpl.java:62)
    [junit] Failure message: Tree Validation Error (detail shown below):
    [junit] 	at java.base/jdk.internal.reflect.DelegatingMethodAccessorImpl.invoke(DelegatingMethodAccessorImpl.java:43)
    [junit] Tree Validation Error (detail shown below):
    [junit] 	at java.base/java.lang.reflect.Method.invoke(Method.java:564)
    [junit] The node {15} has height 0, which is not the expected height given its children
    [junit] 	at org.junit.runners.model.FrameworkMethod$1.runReflectiveCall(FrameworkMethod.java:50)
    [junit] Tree before the problem occurred:
    [junit] Root-15
    [junit] 	at org.junit.internal.runners.model.ReflectiveCallable.run(ReflectiveCallable.java:12)
    [junit] 
    [junit] 	at org.junit.runners.model.FrameworkMethod.invokeExplosively(FrameworkMethod.java:47)
    [junit] What went wrong: null
    [junit] 	at org.junit.internal.runners.statements.InvokeMethod.evaluate(InvokeMethod.java:17)
    [junit] Tree that triggered this problem:
    [junit] 	at org.junit.rules.TestWatcher$1.evaluate(TestWatcher.java:55)
    [junit] Root-15
    [junit] 	at org.junit.rules.RunRules.evaluate(RunRules.java:20)
    [junit] |  L-10
    [junit] 	at org.junit.runners.ParentRunner.runLeaf(ParentRunner.java:325)
    [junit] 
    [junit] 	at org.junit.runners.BlockJUnit4ClassRunner.runChild(BlockJUnit4ClassRunner.java:78)
    [junit] ===== End Failure report for testRebalanceSmall(avl.test.TestBalancedTree) ========
    [junit] 	at org.junit.runners.BlockJUnit4ClassRunner.runChild(BlockJUnit4ClassRunner.java:57)
    [junit] 
    [junit] 	at org.junit.runners.ParentRunner$3.run(ParentRunner.java:290)
    [junit] 
    [junit] 	at org.junit.runners.ParentRunner$1.schedule(ParentRunner.java:71)
    [junit] ===== Failure report for testRemoveSmall(avl.test.TestBalancedTree) ========
    [junit] 	at org.junit.runners.ParentRunner.runChildren(ParentRunner.java:288)
    [junit] Failure message: Tree Validation Error (detail shown below):
    [junit] 	at org.junit.runners.ParentRunner.access$000(ParentRunner.java:58)
    [junit] Tree Validation Error (detail shown below):
    [junit] 	at org.junit.runners.ParentRunner$2.evaluate(ParentRunner.java:268)
    [junit] The node {0} has height 0, which is not the expected height given its children
    [junit] 	at org.junit.runners.ParentRunner.run(ParentRunner.java:363)
    [junit] Tree before the problem occurred:
    [junit] 	at junit.framework.JUnit4TestAdapter.run(JUnit4TestAdapter.java:38)
    [junit] Root-0
    [junit] 	at org.apache.tools.ant.taskdefs.optional.junit.JUnitTestRunner.run(JUnitTestRunner.java:536)
    [junit] 
    [junit] 	at org.apache.tools.ant.taskdefs.optional.junit.JUnitTestRunner.launch(JUnitTestRunner.java:1205)
    [junit] What went wrong: null
    [junit] 	at org.apache.tools.ant.taskdefs.optional.junit.JUnitTestRunner.main(JUnitTestRunner.java:1048)
    [junit] Tree that triggered this problem:
    [junit] Tree Validation Error (detail shown below):
    [junit] Root-0
    [junit] The node {0} has height 0, which is not the expected height given its children
    [junit] |  R-1
    [junit] 	at avl.validate.BSTValidator.CheckTree(BSTValidator.java:79)
    [junit] 
    [junit] 	at avl.validate.BSTValidator.check(BSTValidator.java:26)
    [junit] ===== End Failure report for testRemoveSmall(avl.test.TestBalancedTree) ========
    [junit] 	at avl.test.TestBalancedTree.testRemoveSmall(TestBalancedTree.java:152)
    [junit] 
    [junit] 	at java.base/jdk.internal.reflect.NativeMethodAccessorImpl.invoke0(Native Method)
    [junit] 
    [junit] 	at java.base/jdk.internal.reflect.NativeMethodAccessorImpl.invoke(NativeMethodAccessorImpl.java:62)
    [junit] ===== Failure report for testInsertSmallRandom(avl.test.TestBalancedTree) ========
    [junit] 	at java.base/jdk.internal.reflect.DelegatingMethodAccessorImpl.invoke(DelegatingMethodAccessorImpl.java:43)
    [junit] Failure message: Tree Validation Error (detail shown below):
    [junit] 	at java.base/java.lang.reflect.Method.invoke(Method.java:564)
    [junit] Tree Validation Error (detail shown below):
    [junit] 	at org.junit.runners.model.FrameworkMethod$1.runReflectiveCall(FrameworkMethod.java:50)
    [junit] The node {14} has height 0, which is not the expected height given its children
    [junit] Tree before the problem occurred:
    [junit] 	at org.junit.internal.runners.model.ReflectiveCallable.run(ReflectiveCallable.java:12)
    [junit] Root-14
    [junit] 	at org.junit.runners.model.FrameworkMethod.invokeExplosively(FrameworkMethod.java:47)
    [junit] 
    [junit] 	at org.junit.internal.runners.statements.InvokeMethod.evaluate(InvokeMethod.java:17)
    [junit] What went wrong: null
    [junit] 	at org.junit.rules.TestWatcher$1.evaluate(TestWatcher.java:55)
    [junit] Tree that triggered this problem:
    [junit] 	at org.junit.rules.RunRules.evaluate(RunRules.java:20)
    [junit] Root-14
    [junit] 	at org.junit.runners.ParentRunner.runLeaf(ParentRunner.java:325)
    [junit] |  L-6
    [junit] 	at org.junit.runners.BlockJUnit4ClassRunner.runChild(BlockJUnit4ClassRunner.java:78)
    [junit] 
    [junit] 	at org.junit.runners.BlockJUnit4ClassRunner.runChild(BlockJUnit4ClassRunner.java:57)
    [junit] ===== End Failure report for testInsertSmallRandom(avl.test.TestBalancedTree) ========
    [junit] 	at org.junit.runners.ParentRunner$3.run(ParentRunner.java:290)
    [junit] 
    [junit] 	at org.junit.runners.ParentRunner$1.schedule(ParentRunner.java:71)
    [junit] 
    [junit] 	at org.junit.runners.ParentRunner.runChildren(ParentRunner.java:288)
    [junit] 	at org.junit.runners.ParentRunner.access$000(ParentRunner.java:58)
    [junit] 	at org.junit.runners.ParentRunner$2.evaluate(ParentRunner.java:268)
    [junit] 	at org.junit.runners.ParentRunner.run(ParentRunner.java:363)
    [junit] 	at junit.framework.JUnit4TestAdapter.run(JUnit4TestAdapter.java:38)
    [junit] 	at org.apache.tools.ant.taskdefs.optional.junit.JUnitTestRunner.run(JUnitTestRunner.java:536)
    [junit] 	at org.apache.tools.ant.taskdefs.optional.junit.JUnitTestRunner.launch(JUnitTestRunner.java:1205)
    [junit] 	at org.apache.tools.ant.taskdefs.optional.junit.JUnitTestRunner.main(JUnitTestRunner.java:1048)
    [junit] Tree Validation Error (detail shown below):
    [junit] The node {14} has height 0, which is not the expected height given its children
    [junit] 	at avl.validate.BSTValidator.CheckTree(BSTValidator.java:79)
    [junit] 	at avl.validate.BSTValidator.check(BSTValidator.java:26)
    [junit] 	at avl.test.TestBalancedTree.testInsertSmallRandom(TestBalancedTree.java:102)
    [junit] 	at java.base/jdk.internal.reflect.NativeMethodAccessorImpl.invoke0(Native Method)
    [junit] 	at java.base/jdk.internal.reflect.NativeMethodAccessorImpl.invoke(NativeMethodAccessorImpl.java:62)
    [junit] 	at java.base/jdk.internal.reflect.DelegatingMethodAccessorImpl.invoke(DelegatingMethodAccessorImpl.java:43)
    [junit] 	at java.base/java.lang.reflect.Method.invoke(Method.java:564)
    [junit] 	at org.junit.runners.model.FrameworkMethod$1.runReflectiveCall(FrameworkMethod.java:50)
    [junit] 	at org.junit.internal.runners.model.ReflectiveCallable.run(ReflectiveCallable.java:12)
    [junit] 	at org.junit.runners.model.FrameworkMethod.invokeExplosively(FrameworkMethod.java:47)
    [junit] 	at org.junit.internal.runners.statements.InvokeMethod.evaluate(InvokeMethod.java:17)
    [junit] 	at org.junit.rules.TestWatcher$1.evaluate(TestWatcher.java:55)
    [junit] 	at org.junit.rules.RunRules.evaluate(RunRules.java:20)
    [junit] 	at org.junit.runners.ParentRunner.runLeaf(ParentRunner.java:325)
    [junit] 	at org.junit.runners.BlockJUnit4ClassRunner.runChild(BlockJUnit4ClassRunner.java:78)
    [junit] 	at org.junit.runners.BlockJUnit4ClassRunner.runChild(BlockJUnit4ClassRunner.java:57)
    [junit] 	at org.junit.runners.ParentRunner$3.run(ParentRunner.java:290)
    [junit] 	at org.junit.runners.ParentRunner$1.schedule(ParentRunner.java:71)
    [junit] 	at org.junit.runners.ParentRunner.runChildren(ParentRunner.java:288)
    [junit] 	at org.junit.runners.ParentRunner.access$000(ParentRunner.java:58)
    [junit] 	at org.junit.runners.ParentRunner$2.evaluate(ParentRunner.java:268)
    [junit] 	at org.junit.runners.ParentRunner.run(ParentRunner.java:363)
    [junit] 	at junit.framework.JUnit4TestAdapter.run(JUnit4TestAdapter.java:38)
    [junit] 	at org.apache.tools.ant.taskdefs.optional.junit.JUnitTestRunner.run(JUnitTestRunner.java:536)
    [junit] 	at org.apache.tools.ant.taskdefs.optional.junit.JUnitTestRunner.launch(JUnitTestRunner.java:1205)
    [junit] 	at org.apache.tools.ant.taskdefs.optional.junit.JUnitTestRunner.main(JUnitTestRunner.java:1048)
    [junit] Testsuite: avl.test.TestBalancedTree
    [junit] Tests run: 1, Failures: 0, Errors: 1, Skipped: 0, Time elapsed: 0 sec
    [junit] 
    [junit] Testcase: testInsertLargeAscending took 0.003 sec
    [junit] 	Caused an ERROR
    [junit] Timeout occurred. Please note the time in the report does not reflect the time until the timeout.
    [junit] junit.framework.AssertionFailedError: Timeout occurred. Please note the time in the report does not reflect the time until the timeout.
    [junit] 	at java.base/jdk.internal.reflect.NativeMethodAccessorImpl.invoke0(Native Method)
    [junit] 	at java.base/jdk.internal.reflect.NativeMethodAccessorImpl.invoke(NativeMethodAccessorImpl.java:62)
    [junit] 	at java.base/jdk.internal.reflect.DelegatingMethodAccessorImpl.invoke(DelegatingMethodAccessorImpl.java:43)
    [junit] 
    [junit] Running avl.test.TestBalancedTree
    [junit] Tests run: 1, Failures: 0, Errors: 1, Skipped: 0, Time elapsed: 0 sec

BUILD FAILED
/Users/puneetsachdeva/CSE247/cse247-support/build.xml:34: Test avl.test.TestBalancedTree failed (timeout)

Total time: 10 seconds
========
Testing in ./GradingRepos/repos/cse247-f18-students-teng.ming-che: avl as of 2018-12-05 09:00
========
Now in: /Users/puneetsachdeva/CSE247/cse247-support/GradingRepos/repos/cse247-f18-students-teng.ming-che
Your branch is up to date with 'origin/master'.
HEAD is now at c07ed2b robograde
No local changes to save

Already up to date.
Going back in time to: 2018-12-05 09:00
At hash 4ad8c263f8767612672fd4e6abc9d6ada762f11e

Buildfile: /Users/puneetsachdeva/CSE247/cse247-support/build.xml

copytest:
     [echo] would copy from /Users/puneetsachdeva/CSE247/cse247-f18-students key teng.ming-che testfilesource test/TestBalancedTree package avl repo ./GradingRepos/repos/cse247-f18-students-teng.ming-che
     [copy] Copying 1 file to /Users/puneetsachdeva/CSE247/cse247-support/GradingRepos/repos/cse247-f18-students-teng.ming-che/labs/avl/test

BUILD SUCCESSFUL
Total time: 0 seconds
Compiling the code
Buildfile: /Users/puneetsachdeva/CSE247/cse247-support/build.xml

compile:
     [echo] Compiling avl/AVLTree
    [mkdir] Created dir: /Users/puneetsachdeva/CSE247/cse247-support/GradingRepos/repos/cse247-f18-students-teng.ming-che/bin
    [javac] Compiling 1 source file to /Users/puneetsachdeva/CSE247/cse247-support/GradingRepos/repos/cse247-f18-students-teng.ming-che/bin

BUILD SUCCESSFUL
Total time: 1 second
Buildfile: /Users/puneetsachdeva/CSE247/cse247-support/build.xml

compile:
     [echo] Compiling avl/test/TestBalancedTree
    [javac] Compiling 1 source file to /Users/puneetsachdeva/CSE247/cse247-support/GradingRepos/repos/cse247-f18-students-teng.ming-che/bin

BUILD SUCCESSFUL
Total time: 1 second
Running test test.TestBalancedTree
Buildfile: /Users/puneetsachdeva/CSE247/cse247-support/build.xml

test:
    [junit] Running avl.test.TestBalancedTree
    [junit] Testsuite: avl.test.TestBalancedTree
    [junit] Tree Validation Error (detail shown below):
    [junit] The node {1} has height 0, which is not the expected height given its children
    [junit] 	at avl.validate.BSTValidator.CheckTree(BSTValidator.java:79)
    [junit] 	at avl.validate.BSTValidator.CheckTree(BSTValidator.java:57)
    [junit] 	at avl.validate.BSTValidator.CheckTree(BSTValidator.java:57)
    [junit] 	at avl.validate.BSTValidator.CheckTree(BSTValidator.java:57)
    [junit] 	at avl.validate.BSTValidator.CheckTree(BSTValidator.java:57)
    [junit] 	at avl.validate.BSTValidator.CheckTree(BSTValidator.java:57)
    [junit] 	at avl.validate.BSTValidator.CheckTree(BSTValidator.java:57)
    [junit] 	at avl.validate.BSTValidator.CheckTree(BSTValidator.java:57)
    [junit] 	at avl.validate.BSTValidator.CheckTree(BSTValidator.java:57)
    [junit] 	at avl.validate.BSTValidator.CheckTree(BSTValidator.java:57)
    [junit] 	at avl.validate.BSTValidator.CheckTree(BSTValidator.java:57)
    [junit] 	at avl.validate.BSTValidator.check(BSTValidator.java:26)
    [junit] ===== Failure report for testInsertLargeRandom(avl.test.TestBalancedTree) ========
    [junit] 	at avl.test.TestBalancedTree.testInsertLargeRandom(TestBalancedTree.java:118)
    [junit] 	at java.base/jdk.internal.reflect.NativeMethodAccessorImpl.invoke0(Native Method)
    [junit] Failure message: Tree Validation Error (detail shown below):
    [junit] 	at java.base/jdk.internal.reflect.NativeMethodAccessorImpl.invoke(NativeMethodAccessorImpl.java:62)
    [junit] Tree Validation Error (detail shown below):
    [junit] 	at java.base/jdk.internal.reflect.DelegatingMethodAccessorImpl.invoke(DelegatingMethodAccessorImpl.java:43)
    [junit] The node {1} has height 0, which is not the expected height given its children
    [junit] Tree before the problem occurred:
    [junit]  (not printing large tree, n=200000)
    [junit] 	at java.base/java.lang.reflect.Method.invoke(Method.java:564)
    [junit] What went wrong: null
    [junit] 	at org.junit.runners.model.FrameworkMethod$1.runReflectiveCall(FrameworkMethod.java:50)
    [junit] Tree that triggered this problem:
    [junit]  (not printing large tree, n=200000)
    [junit] 	at org.junit.internal.runners.model.ReflectiveCallable.run(ReflectiveCallable.java:12)
    [junit] 
    [junit] ===== End Failure report for testInsertLargeRandom(avl.test.TestBalancedTree) ========
    [junit] 
    [junit] 
    [junit] 	at org.junit.runners.model.FrameworkMethod.invokeExplosively(FrameworkMethod.java:47)
    [junit] 	at org.junit.internal.runners.statements.InvokeMethod.evaluate(InvokeMethod.java:17)
    [junit] 	at org.junit.rules.TestWatcher$1.evaluate(TestWatcher.java:55)
    [junit] 	at org.junit.rules.RunRules.evaluate(RunRules.java:20)
    [junit] 	at org.junit.runners.ParentRunner.runLeaf(ParentRunner.java:325)
    [junit] 	at org.junit.runners.BlockJUnit4ClassRunner.runChild(BlockJUnit4ClassRunner.java:78)
    [junit] 	at org.junit.runners.BlockJUnit4ClassRunner.runChild(BlockJUnit4ClassRunner.java:57)
    [junit] 	at org.junit.runners.ParentRunner$3.run(ParentRunner.java:290)
    [junit] 	at org.junit.runners.ParentRunner$1.schedule(ParentRunner.java:71)
    [junit] 	at org.junit.runners.ParentRunner.runChildren(ParentRunner.java:288)
    [junit] 	at org.junit.runners.ParentRunner.access$000(ParentRunner.java:58)
    [junit] 	at org.junit.runners.ParentRunner$2.evaluate(ParentRunner.java:268)
    [junit] 	at org.junit.runners.ParentRunner.run(ParentRunner.java:363)
    [junit] 	at junit.framework.JUnit4TestAdapter.run(JUnit4TestAdapter.java:38)
    [junit] 	at org.apache.tools.ant.taskdefs.optional.junit.JUnitTestRunner.run(JUnitTestRunner.java:536)
    [junit] 	at org.apache.tools.ant.taskdefs.optional.junit.JUnitTestRunner.launch(JUnitTestRunner.java:1205)
    [junit] 	at org.apache.tools.ant.taskdefs.optional.junit.JUnitTestRunner.main(JUnitTestRunner.java:1048)
    [junit] ===== Failure report for testInsertSmallDescending(avl.test.TestBalancedTree) ========
    [junit] Tree Validation Error (detail shown below):
    [junit] Failure message: Tree Validation Error (detail shown below):
    [junit] The node {14} has height 0, which is not the expected height given its children
    [junit] Tree Validation Error (detail shown below):
    [junit] 	at avl.validate.BSTValidator.CheckTree(BSTValidator.java:79)
    [junit] The node {14} has height 0, which is not the expected height given its children
    [junit] 	at avl.validate.BSTValidator.check(BSTValidator.java:26)
    [junit] Tree before the problem occurred:
    [junit] 	at avl.test.TestBalancedTree.testInsertSmallDescending(TestBalancedTree.java:73)
    [junit] Root-14
    [junit] 
    [junit] 	at java.base/jdk.internal.reflect.NativeMethodAccessorImpl.invoke0(Native Method)
    [junit] What went wrong: null
    [junit] 	at java.base/jdk.internal.reflect.NativeMethodAccessorImpl.invoke(NativeMethodAccessorImpl.java:62)
    [junit] Tree that triggered this problem:
    [junit] 	at java.base/jdk.internal.reflect.DelegatingMethodAccessorImpl.invoke(DelegatingMethodAccessorImpl.java:43)
    [junit] Root-14
    [junit] 	at java.base/java.lang.reflect.Method.invoke(Method.java:564)
    [junit] |  L-13
    [junit] 
    [junit] 	at org.junit.runners.model.FrameworkMethod$1.runReflectiveCall(FrameworkMethod.java:50)
    [junit] ===== End Failure report for testInsertSmallDescending(avl.test.TestBalancedTree) ========
    [junit] 	at org.junit.internal.runners.model.ReflectiveCallable.run(ReflectiveCallable.java:12)
    [junit] 
    [junit] 	at org.junit.runners.model.FrameworkMethod.invokeExplosively(FrameworkMethod.java:47)
    [junit] 
    [junit] 	at org.junit.internal.runners.statements.InvokeMethod.evaluate(InvokeMethod.java:17)
    [junit] 	at org.junit.rules.TestWatcher$1.evaluate(TestWatcher.java:55)
    [junit] 	at org.junit.rules.RunRules.evaluate(RunRules.java:20)
    [junit] 	at org.junit.runners.ParentRunner.runLeaf(ParentRunner.java:325)
    [junit] 	at org.junit.runners.BlockJUnit4ClassRunner.runChild(BlockJUnit4ClassRunner.java:78)
    [junit] 	at org.junit.runners.BlockJUnit4ClassRunner.runChild(BlockJUnit4ClassRunner.java:57)
    [junit] 	at org.junit.runners.ParentRunner$3.run(ParentRunner.java:290)
    [junit] 	at org.junit.runners.ParentRunner$1.schedule(ParentRunner.java:71)
    [junit] 	at org.junit.runners.ParentRunner.runChildren(ParentRunner.java:288)
    [junit] 	at org.junit.runners.ParentRunner.access$000(ParentRunner.java:58)
    [junit] 	at org.junit.runners.ParentRunner$2.evaluate(ParentRunner.java:268)
    [junit] 	at org.junit.runners.ParentRunner.run(ParentRunner.java:363)
    [junit] 	at junit.framework.JUnit4TestAdapter.run(JUnit4TestAdapter.java:38)
    [junit] 	at org.apache.tools.ant.taskdefs.optional.junit.JUnitTestRunner.run(JUnitTestRunner.java:536)
    [junit] 	at org.apache.tools.ant.taskdefs.optional.junit.JUnitTestRunner.launch(JUnitTestRunner.java:1205)
    [junit] 	at org.apache.tools.ant.taskdefs.optional.junit.JUnitTestRunner.main(JUnitTestRunner.java:1048)
    [junit] ===== Failure report for testRemoveLarge(avl.test.TestBalancedTree) ========
    [junit] Failure message: java.lang.StackOverflowError
    [junit] ===== End Failure report for testRemoveLarge(avl.test.TestBalancedTree) ========
    [junit] 
    [junit] 
    [junit] Tree Validation Error (detail shown below):
    [junit] ===== Failure report for testRebalanceSmall(avl.test.TestBalancedTree) ========
    [junit] The node {15} has height 0, which is not the expected height given its children
    [junit] Failure message: Tree Validation Error (detail shown below):
    [junit] 	at avl.validate.BSTValidator.CheckTree(BSTValidator.java:79)
    [junit] Tree Validation Error (detail shown below):
    [junit] 	at avl.validate.BSTValidator.check(BSTValidator.java:26)
    [junit] The node {15} has height 0, which is not the expected height given its children
    [junit] 	at avl.test.TestBalancedTree.testRebalanceSmall(TestBalancedTree.java:212)
    [junit] Tree before the problem occurred:
    [junit] 	at java.base/jdk.internal.reflect.NativeMethodAccessorImpl.invoke0(Native Method)
    [junit] Root-15
    [junit] 	at java.base/jdk.internal.reflect.NativeMethodAccessorImpl.invoke(NativeMethodAccessorImpl.java:62)
    [junit] 
    [junit] 	at java.base/jdk.internal.reflect.DelegatingMethodAccessorImpl.invoke(DelegatingMethodAccessorImpl.java:43)
    [junit] What went wrong: null
    [junit] 	at java.base/java.lang.reflect.Method.invoke(Method.java:564)
    [junit] Tree that triggered this problem:
    [junit] 	at org.junit.runners.model.FrameworkMethod$1.runReflectiveCall(FrameworkMethod.java:50)
    [junit] Root-15
    [junit] |  L-10
    [junit] 	at org.junit.internal.runners.model.ReflectiveCallable.run(ReflectiveCallable.java:12)
    [junit] 
    [junit] 	at org.junit.runners.model.FrameworkMethod.invokeExplosively(FrameworkMethod.java:47)
    [junit] ===== End Failure report for testRebalanceSmall(avl.test.TestBalancedTree) ========
    [junit] 	at org.junit.internal.runners.statements.InvokeMethod.evaluate(InvokeMethod.java:17)
    [junit] 
    [junit] 	at org.junit.rules.TestWatcher$1.evaluate(TestWatcher.java:55)
    [junit] 
    [junit] 	at org.junit.rules.RunRules.evaluate(RunRules.java:20)
    [junit] ===== Failure report for testRemoveSmall(avl.test.TestBalancedTree) ========
    [junit] 	at org.junit.runners.ParentRunner.runLeaf(ParentRunner.java:325)
    [junit] Failure message: Tree Validation Error (detail shown below):
    [junit] 	at org.junit.runners.BlockJUnit4ClassRunner.runChild(BlockJUnit4ClassRunner.java:78)
    [junit] Tree Validation Error (detail shown below):
    [junit] 	at org.junit.runners.BlockJUnit4ClassRunner.runChild(BlockJUnit4ClassRunner.java:57)
    [junit] The node {0} has height 0, which is not the expected height given its children
    [junit] 	at org.junit.runners.ParentRunner$3.run(ParentRunner.java:290)
    [junit] Tree before the problem occurred:
    [junit] 	at org.junit.runners.ParentRunner$1.schedule(ParentRunner.java:71)
    [junit] Root-0
    [junit] 
    [junit] 	at org.junit.runners.ParentRunner.runChildren(ParentRunner.java:288)
    [junit] What went wrong: null
    [junit] 	at org.junit.runners.ParentRunner.access$000(ParentRunner.java:58)
    [junit] Tree that triggered this problem:
    [junit] 	at org.junit.runners.ParentRunner$2.evaluate(ParentRunner.java:268)
    [junit] Root-0
    [junit] 	at org.junit.runners.ParentRunner.run(ParentRunner.java:363)
    [junit] |  R-1
    [junit] 	at junit.framework.JUnit4TestAdapter.run(JUnit4TestAdapter.java:38)
    [junit] 
    [junit] 	at org.apache.tools.ant.taskdefs.optional.junit.JUnitTestRunner.run(JUnitTestRunner.java:536)
    [junit] ===== End Failure report for testRemoveSmall(avl.test.TestBalancedTree) ========
    [junit] 
    [junit] 	at org.apache.tools.ant.taskdefs.optional.junit.JUnitTestRunner.launch(JUnitTestRunner.java:1205)
    [junit] 
    [junit] ===== Failure report for testInsertSmallRandom(avl.test.TestBalancedTree) ========
    [junit] 	at org.apache.tools.ant.taskdefs.optional.junit.JUnitTestRunner.main(JUnitTestRunner.java:1048)
    [junit] Failure message: Tree Validation Error (detail shown below):
    [junit] Tree Validation Error (detail shown below):
    [junit] Tree Validation Error (detail shown below):
    [junit] The node {0} has height 0, which is not the expected height given its children
    [junit] The node {3} has height 0, which is not the expected height given its children
    [junit] 	at avl.validate.BSTValidator.CheckTree(BSTValidator.java:79)
    [junit] Tree before the problem occurred:
    [junit] 	at avl.validate.BSTValidator.check(BSTValidator.java:26)
    [junit] Root-3
    [junit] 	at avl.test.TestBalancedTree.testRemoveSmall(TestBalancedTree.java:152)
    [junit] 
    [junit] 	at java.base/jdk.internal.reflect.NativeMethodAccessorImpl.invoke0(Native Method)
    [junit] What went wrong: null
    [junit] 	at java.base/jdk.internal.reflect.NativeMethodAccessorImpl.invoke(NativeMethodAccessorImpl.java:62)
    [junit] Tree that triggered this problem:
    [junit] 	at java.base/jdk.internal.reflect.DelegatingMethodAccessorImpl.invoke(DelegatingMethodAccessorImpl.java:43)
    [junit] Root-3
    [junit] 	at java.base/java.lang.reflect.Method.invoke(Method.java:564)
    [junit] |  R-6
    [junit] 	at org.junit.runners.model.FrameworkMethod$1.runReflectiveCall(FrameworkMethod.java:50)
    [junit] 
    [junit] 	at org.junit.internal.runners.model.ReflectiveCallable.run(ReflectiveCallable.java:12)
    [junit] ===== End Failure report for testInsertSmallRandom(avl.test.TestBalancedTree) ========
    [junit] 	at org.junit.runners.model.FrameworkMethod.invokeExplosively(FrameworkMethod.java:47)
    [junit] 
    [junit] 	at org.junit.internal.runners.statements.InvokeMethod.evaluate(InvokeMethod.java:17)
    [junit] 
    [junit] 	at org.junit.rules.TestWatcher$1.evaluate(TestWatcher.java:55)
    [junit] 	at org.junit.rules.RunRules.evaluate(RunRules.java:20)
    [junit] 	at org.junit.runners.ParentRunner.runLeaf(ParentRunner.java:325)
    [junit] 	at org.junit.runners.BlockJUnit4ClassRunner.runChild(BlockJUnit4ClassRunner.java:78)
    [junit] 	at org.junit.runners.BlockJUnit4ClassRunner.runChild(BlockJUnit4ClassRunner.java:57)
    [junit] 	at org.junit.runners.ParentRunner$3.run(ParentRunner.java:290)
    [junit] 	at org.junit.runners.ParentRunner$1.schedule(ParentRunner.java:71)
    [junit] 	at org.junit.runners.ParentRunner.runChildren(ParentRunner.java:288)
    [junit] 	at org.junit.runners.ParentRunner.access$000(ParentRunner.java:58)
    [junit] 	at org.junit.runners.ParentRunner$2.evaluate(ParentRunner.java:268)
    [junit] 	at org.junit.runners.ParentRunner.run(ParentRunner.java:363)
    [junit] 	at junit.framework.JUnit4TestAdapter.run(JUnit4TestAdapter.java:38)
    [junit] 	at org.apache.tools.ant.taskdefs.optional.junit.JUnitTestRunner.run(JUnitTestRunner.java:536)
    [junit] 	at org.apache.tools.ant.taskdefs.optional.junit.JUnitTestRunner.launch(JUnitTestRunner.java:1205)
    [junit] 	at org.apache.tools.ant.taskdefs.optional.junit.JUnitTestRunner.main(JUnitTestRunner.java:1048)
    [junit] Tree Validation Error (detail shown below):
    [junit] The node {3} has height 0, which is not the expected height given its children
    [junit] 	at avl.validate.BSTValidator.CheckTree(BSTValidator.java:79)
    [junit] 	at avl.validate.BSTValidator.check(BSTValidator.java:26)
    [junit] 	at avl.test.TestBalancedTree.testInsertSmallRandom(TestBalancedTree.java:102)
    [junit] 	at java.base/jdk.internal.reflect.NativeMethodAccessorImpl.invoke0(Native Method)
    [junit] 	at java.base/jdk.internal.reflect.NativeMethodAccessorImpl.invoke(NativeMethodAccessorImpl.java:62)
    [junit] 	at java.base/jdk.internal.reflect.DelegatingMethodAccessorImpl.invoke(DelegatingMethodAccessorImpl.java:43)
    [junit] 	at java.base/java.lang.reflect.Method.invoke(Method.java:564)
    [junit] 	at org.junit.runners.model.FrameworkMethod$1.runReflectiveCall(FrameworkMethod.java:50)
    [junit] 	at org.junit.internal.runners.model.ReflectiveCallable.run(ReflectiveCallable.java:12)
    [junit] 	at org.junit.runners.model.FrameworkMethod.invokeExplosively(FrameworkMethod.java:47)
    [junit] 	at org.junit.internal.runners.statements.InvokeMethod.evaluate(InvokeMethod.java:17)
    [junit] 	at org.junit.rules.TestWatcher$1.evaluate(TestWatcher.java:55)
    [junit] 	at org.junit.rules.RunRules.evaluate(RunRules.java:20)
    [junit] 	at org.junit.runners.ParentRunner.runLeaf(ParentRunner.java:325)
    [junit] 	at org.junit.runners.BlockJUnit4ClassRunner.runChild(BlockJUnit4ClassRunner.java:78)
    [junit] 	at org.junit.runners.BlockJUnit4ClassRunner.runChild(BlockJUnit4ClassRunner.java:57)
    [junit] 	at org.junit.runners.ParentRunner$3.run(ParentRunner.java:290)
    [junit] 	at org.junit.runners.ParentRunner$1.schedule(ParentRunner.java:71)
    [junit] 	at org.junit.runners.ParentRunner.runChildren(ParentRunner.java:288)
    [junit] 	at org.junit.runners.ParentRunner.access$000(ParentRunner.java:58)
    [junit] 	at org.junit.runners.ParentRunner$2.evaluate(ParentRunner.java:268)
    [junit] 	at org.junit.runners.ParentRunner.run(ParentRunner.java:363)
    [junit] 	at junit.framework.JUnit4TestAdapter.run(JUnit4TestAdapter.java:38)
    [junit] 	at org.apache.tools.ant.taskdefs.optional.junit.JUnitTestRunner.run(JUnitTestRunner.java:536)
    [junit] 	at org.apache.tools.ant.taskdefs.optional.junit.JUnitTestRunner.launch(JUnitTestRunner.java:1205)
    [junit] 	at org.apache.tools.ant.taskdefs.optional.junit.JUnitTestRunner.main(JUnitTestRunner.java:1048)
    [junit] Testsuite: avl.test.TestBalancedTree
    [junit] Tests run: 1, Failures: 0, Errors: 1, Skipped: 0, Time elapsed: 0 sec
    [junit] 
    [junit] Testcase: testInsertLargeAscending took 0.001 sec
    [junit] 	Caused an ERROR
    [junit] Timeout occurred. Please note the time in the report does not reflect the time until the timeout.
    [junit] junit.framework.AssertionFailedError: Timeout occurred. Please note the time in the report does not reflect the time until the timeout.
    [junit] 	at java.base/jdk.internal.reflect.NativeMethodAccessorImpl.invoke0(Native Method)
    [junit] 	at java.base/jdk.internal.reflect.NativeMethodAccessorImpl.invoke(NativeMethodAccessorImpl.java:62)
    [junit] 	at java.base/jdk.internal.reflect.DelegatingMethodAccessorImpl.invoke(DelegatingMethodAccessorImpl.java:43)
    [junit] 
    [junit] Running avl.test.TestBalancedTree
    [junit] Tests run: 1, Failures: 0, Errors: 1, Skipped: 0, Time elapsed: 0 sec

BUILD FAILED
/Users/puneetsachdeva/CSE247/cse247-support/build.xml:34: Test avl.test.TestBalancedTree failed (timeout)

Total time: 10 seconds
================
Lab is not counted -- failed unit tests
================

CSE247 Robot tester ends testing avl on 2018-12-17 20:30:27 -0500
-------------------
